[    0.000000] Linux version 4.15.0-202-generic (buildd@lcy02-amd64-115) (gcc version 7.5.0 (Ubuntu 7.5.0-3ubuntu1~18.04)) #213-Ubuntu SMP Thu Jan 5 19:19:12 UTC 2023 (Ubuntu 4.15.0-202.213-generic 4.15.18)
[    0.000000] Command line: BOOT_IMAGE=/boot/vmlinuz-4.15.0-202-generic root=LABEL=cloudimg-rootfs ro console=tty1 console=ttyS0
[    0.000000] KERNEL supported cpus:
[    0.000000]   Intel GenuineIntel
[    0.000000]   AMD AuthenticAMD
[    0.000000]   Centaur CentaurHauls
[    0.000000] x86/fpu: Supporting XSAVE feature 0x001: 'x87 floating point registers'
[    0.000000] x86/fpu: Supporting XSAVE feature 0x002: 'SSE registers'
[    0.000000] x86/fpu: Supporting XSAVE feature 0x004: 'AVX registers'
[    0.000000] x86/fpu: xstate_offset[2]:  576, xstate_sizes[2]:  256
[    0.000000] x86/fpu: Enabled xstate features 0x7, context size is 832 bytes, using 'standard' format.
[    0.000000] e820: BIOS-provided physical RAM map:
[    0.000000] BIOS-e820: [mem 0x0000000000000000-0x000000000009fbff] usable
[    0.000000] BIOS-e820: [mem 0x000000000009fc00-0x000000000009ffff] reserved
[    0.000000] BIOS-e820: [mem 0x00000000000f0000-0x00000000000fffff] reserved
[    0.000000] BIOS-e820: [mem 0x0000000000100000-0x000000007ffeffff] usable
[    0.000000] BIOS-e820: [mem 0x000000007fff0000-0x000000007fffffff] ACPI data
[    0.000000] BIOS-e820: [mem 0x00000000fec00000-0x00000000fec00fff] reserved
[    0.000000] BIOS-e820: [mem 0x00000000fee00000-0x00000000fee00fff] reserved
[    0.000000] BIOS-e820: [mem 0x00000000fffc0000-0x00000000ffffffff] reserved
[    0.000000] NX (Execute Disable) protection: active
[    0.000000] SMBIOS 2.5 present.
[    0.000000] DMI: innotek GmbH VirtualBox/VirtualBox, BIOS VirtualBox 12/01/2006
[    0.000000] Hypervisor detected: KVM
[    0.000000] e820: last_pfn = 0x7fff0 max_arch_pfn = 0x400000000
[    0.000000] MTRR: Disabled
[    0.000000] x86/PAT: MTRRs disabled, skipping PAT initialization too.
[    0.000000] CPU MTRRs all blank - virtualized system.
[    0.000000] x86/PAT: Configuration [0-7]: WB  WT  UC- UC  WB  WT  UC- UC  
[    0.000000] found SMP MP-table at [mem 0x0009fff0-0x0009ffff]
[    0.000000] Scanning 1 areas for low memory corruption
[    0.000000] RAMDISK: [mem 0x3587b000-0x36c34fff]
[    0.000000] ACPI: Early table checksum verification disabled
[    0.000000] ACPI: RSDP 0x00000000000E0000 000024 (v02 VBOX  )
[    0.000000] ACPI: XSDT 0x000000007FFF0030 00003C (v01 VBOX   VBOXXSDT 00000001 ASL  00000061)
[    0.000000] ACPI: FACP 0x000000007FFF00F0 0000F4 (v04 VBOX   VBOXFACP 00000001 ASL  00000061)
[    0.000000] ACPI: DSDT 0x000000007FFF0610 002353 (v02 VBOX   VBOXBIOS 00000002 INTL 20200528)
[    0.000000] ACPI: FACS 0x000000007FFF0200 000040
[    0.000000] ACPI: FACS 0x000000007FFF0200 000040
[    0.000000] ACPI: APIC 0x000000007FFF0240 00005C (v02 VBOX   VBOXAPIC 00000001 ASL  00000061)
[    0.000000] ACPI: SSDT 0x000000007FFF02A0 00036C (v01 VBOX   VBOXCPUT 00000002 INTL 20200528)
[    0.000000] ACPI: Reserving FACP table memory at [mem 0x7fff00f0-0x7fff01e3]
[    0.000000] ACPI: Reserving DSDT table memory at [mem 0x7fff0610-0x7fff2962]
[    0.000000] ACPI: Reserving FACS table memory at [mem 0x7fff0200-0x7fff023f]
[    0.000000] ACPI: Reserving FACS table memory at [mem 0x7fff0200-0x7fff023f]
[    0.000000] ACPI: Reserving APIC table memory at [mem 0x7fff0240-0x7fff029b]
[    0.000000] ACPI: Reserving SSDT table memory at [mem 0x7fff02a0-0x7fff060b]
[    0.000000] No NUMA configuration found
[    0.000000] Faking a node at [mem 0x0000000000000000-0x000000007ffeffff]
[    0.000000] NODE_DATA(0) allocated [mem 0x7ffc5000-0x7ffeffff]
[    0.000000] kvm-clock: cpu 0, msr 0:7ff44001, primary cpu clock
[    0.000000] kvm-clock: Using msrs 4b564d01 and 4b564d00
[    0.000000] kvm-clock: using sched offset of 3942894705 cycles
[    0.000000] clocksource: kvm-clock: mask: 0xffffffffffffffff max_cycles: 0x1cd42e4dffb, max_idle_ns: 881590591483 ns
[    0.000000] Zone ranges:
[    0.000000]   DMA      [mem 0x0000000000001000-0x0000000000ffffff]
[    0.000000]   DMA32    [mem 0x0000000001000000-0x000000007ffeffff]
[    0.000000]   Normal   empty
[    0.000000]   Device   empty
[    0.000000] Movable zone start for each node
[    0.000000] Early memory node ranges
[    0.000000]   node   0: [mem 0x0000000000001000-0x000000000009efff]
[    0.000000]   node   0: [mem 0x0000000000100000-0x000000007ffeffff]
[    0.000000] Reserved but unavailable: 104 pages
[    0.000000] Initmem setup node 0 [mem 0x0000000000001000-0x000000007ffeffff]
[    0.000000] ACPI: PM-Timer IO Port: 0x4008
[    0.000000] IOAPIC[0]: apic_id 2, version 32, address 0xfec00000, GSI 0-23
[    0.000000] ACPI: INT_SRC_OVR (bus 0 bus_irq 0 global_irq 2 dfl dfl)
[    0.000000] ACPI: INT_SRC_OVR (bus 0 bus_irq 9 global_irq 9 low level)
[    0.000000] Using ACPI (MADT) for SMP configuration information
[    0.000000] smpboot: Allowing 2 CPUs, 0 hotplug CPUs
[    0.000000] PM: Registered nosave memory: [mem 0x00000000-0x00000fff]
[    0.000000] PM: Registered nosave memory: [mem 0x0009f000-0x0009ffff]
[    0.000000] PM: Registered nosave memory: [mem 0x000a0000-0x000effff]
[    0.000000] PM: Registered nosave memory: [mem 0x000f0000-0x000fffff]
[    0.000000] e820: [mem 0x80000000-0xfebfffff] available for PCI devices
[    0.000000] Booting paravirtualized kernel on KVM
[    0.000000] clocksource: refined-jiffies: mask: 0xffffffff max_cycles: 0xffffffff, max_idle_ns: 7645519600211568 ns
[    0.000000] setup_percpu: NR_CPUS:8192 nr_cpumask_bits:2 nr_cpu_ids:2 nr_node_ids:1
[    0.000000] percpu: Embedded 50 pages/cpu s167936 r8192 d28672 u1048576
[    0.000000] PV qspinlock hash table entries: 256 (order: 0, 4096 bytes)
[    0.000000] Built 1 zonelists, mobility grouping on.  Total pages: 515961
[    0.000000] Policy zone: DMA32
[    0.000000] Kernel command line: BOOT_IMAGE=/boot/vmlinuz-4.15.0-202-generic root=LABEL=cloudimg-rootfs ro console=tty1 console=ttyS0
[    0.000000] Memory: 2014172K/2096696K available (12300K kernel code, 2477K rwdata, 4320K rodata, 2472K init, 2720K bss, 82524K reserved, 0K cma-reserved)
[    0.000000] SLUB: HWalign=64, Order=0-3, MinObjects=0, CPUs=2, Nodes=1
[    0.000000] Kernel/User page tables isolation: enabled
[    0.000000] ftrace: allocating 39478 entries in 155 pages
[    0.004000] Hierarchical RCU implementation.
[    0.004000] 	RCU restricting CPUs from NR_CPUS=8192 to nr_cpu_ids=2.
[    0.004000] 	Tasks RCU enabled.
[    0.004000] RCU: Adjusting geometry for rcu_fanout_leaf=16, nr_cpu_ids=2
[    0.004000] NR_IRQS: 524544, nr_irqs: 440, preallocated irqs: 16
[    0.004000] random: crng init done
[    0.004000] Console: colour VGA+ 80x25
[    0.004000] console [tty1] enabled
[    0.004000] console [ttyS0] enabled
[    0.004000] ACPI: Core revision 20170831
[    0.004000] ACPI: 2 ACPI AML tables successfully acquired and loaded
[    0.004000] APIC: Switch to symmetric I/O mode setup
[    0.004000] x2apic enabled
[    0.004018] Switched APIC routing to physical x2apic.
[    0.012000] ..TIMER: vector=0x30 apic1=0 pin1=2 apic2=-1 pin2=-1
[    0.012006] tsc: Detected 1391.131 MHz processor
[    0.014899] Calibrating delay loop (skipped) preset value.. 2782.26 BogoMIPS (lpj=5564524)
[    0.016004] pid_max: default: 32768 minimum: 301
[    0.018504] Security Framework initialized
[    0.020009] Yama: becoming mindful.
[    0.022324] AppArmor: AppArmor initialized
[    0.033738] Dentry cache hash table entries: 262144 (order: 9, 2097152 bytes)
[    0.041779] Inode-cache hash table entries: 131072 (order: 8, 1048576 bytes)
[    0.044139] Mount-cache hash table entries: 4096 (order: 3, 32768 bytes)
[    0.048119] Mountpoint-cache hash table entries: 4096 (order: 3, 32768 bytes)
[    0.053287] Last level iTLB entries: 4KB 64, 2MB 8, 4MB 8
[    0.056005] Last level dTLB entries: 4KB 64, 2MB 0, 4MB 0, 1GB 4
[    0.060016] Spectre V1 : Mitigation: usercopy/swapgs barriers and __user pointer sanitization
[    0.064004] Spectre V2 : Mitigation: Retpolines
[    0.066467] Spectre V2 : Spectre v2 / SpectreRSB mitigation: Filling RSB on context switch
[    0.068003] Speculative Store Bypass: Vulnerable
[    0.072110] MDS: Mitigation: Clear CPU buffers
[    0.076003] MMIO Stale Data: Mitigation: Clear CPU buffers
[    0.078938] SRBDS: Unknown: Dependent on hypervisor status
[    0.080249] Freeing SMP alternatives memory: 36K
[    0.196006] APIC calibration not consistent with PM-Timer: 101ms instead of 100ms
[    0.200000] APIC delta adjusted to PM-Timer: 6274331 (6385005)
[    0.200237] smpboot: CPU0: Intel(R) Core(TM) i5-8257U CPU @ 1.40GHz (family: 0x6, model: 0x8e, stepping: 0xa)
[    0.204479] Performance Events: unsupported p6 CPU model 142 no PMU driver, software events only.
[    0.208137] Hierarchical SRCU implementation.
[    0.212959] NMI watchdog: Perf event create on CPU 0 failed with -2
[    0.216005] NMI watchdog: Perf NMI watchdog permanently disabled
[    0.220269] smp: Bringing up secondary CPUs ...
[    0.224822] x86: Booting SMP configuration:
[    0.227169] .... node  #0, CPUs:      #1
[    0.004000] kvm-clock: cpu 1, msr 0:7ff44041, secondary cpu clock
[    0.232115] smp: Brought up 1 node, 2 CPUs
[    0.234936] smpboot: Max logical packages: 1
[    0.236009] smpboot: Total of 2 processors activated (5564.52 BogoMIPS)
[    0.240539] devtmpfs: initialized
[    0.244099] x86/mm: Memory block size: 128MB
[    0.246979] evm: security.selinux
[    0.248004] evm: security.SMACK64
[    0.249909] evm: security.SMACK64EXEC
[    0.252005] evm: security.SMACK64TRANSMUTE
[    0.254241] evm: security.SMACK64MMAP
[    0.256004] evm: security.apparmor
[    0.258157] evm: security.ima
[    0.260005] evm: security.capability
[    0.264138] clocksource: jiffies: mask: 0xffffffff max_cycles: 0xffffffff, max_idle_ns: 7645041785100000 ns
[    0.268000] futex hash table entries: 512 (order: 3, 32768 bytes)
[    0.268000] pinctrl core: initialized pinctrl subsystem
[    0.268479] RTC time: 23:40:19, date: 02/13/23
[    0.272194] NET: Registered protocol family 16
[    0.275054] audit: initializing netlink subsys (disabled)
[    0.276297] audit: type=2000 audit(1676331625.041:1): state=initialized audit_enabled=0 res=1
[    0.280000] cpuidle: using governor ladder
[    0.280017] cpuidle: using governor menu
[    0.282787] ACPI: bus type PCI registered
[    0.284000] acpiphp: ACPI Hot Plug PCI Controller Driver version: 0.5
[    0.284476] PCI: Using configuration type 1 for base access
[    0.292121] HugeTLB registered 2.00 MiB page size, pre-allocated 0 pages
[    0.300431] ACPI: Added _OSI(Module Device)
[    0.303537] ACPI: Added _OSI(Processor Device)
[    0.304102] ACPI: Added _OSI(3.0 _SCP Extensions)
[    0.308006] ACPI: Added _OSI(Processor Aggregator Device)
[    0.311649] ACPI: Added _OSI(Linux-Dell-Video)
[    0.312009] ACPI: Added _OSI(Linux-Lenovo-NV-HDMI-Audio)
[    0.316006] ACPI: Added _OSI(Linux-HPI-Hybrid-Graphics)
[    0.320211] ACPI: Executed 1 blocks of module-level executable AML code
[    0.324531] ACPI: Interpreter enabled
[    0.328025] ACPI: (supports S0 S5)
[    0.330168] ACPI: Using IOAPIC for interrupt routing
[    0.332000] PCI: Using host bridge windows from ACPI; if necessary, use "pci=nocrs" and report a bug
[    0.336250] ACPI: Enabled 2 GPEs in block 00 to 07
[    0.351933] ACPI: PCI Root Bridge [PCI0] (domain 0000 [bus 00-ff])
[    0.356018] acpi PNP0A03:00: _OSC: OS supports [ASPM ClockPM Segments MSI]
[    0.360000] acpi PNP0A03:00: _OSC: not requesting OS control; OS requires [ExtendedConfig ASPM ClockPM MSI]
[    0.360018] acpi PNP0A03:00: fail to add MMCONFIG information, can't access extended PCI configuration space under this bridge.
[    0.364639] PCI host bridge to bus 0000:00
[    0.367600] pci_bus 0000:00: root bus resource [io  0x0000-0x0cf7 window]
[    0.368000] pci_bus 0000:00: root bus resource [io  0x0d00-0xffff window]
[    0.368008] pci_bus 0000:00: root bus resource [mem 0x000a0000-0x000bffff window]
[    0.376011] pci_bus 0000:00: root bus resource [mem 0x80000000-0xfdffffff window]
[    0.376011] pci_bus 0000:00: root bus resource [bus 00-ff]
[    0.382144] pci 0000:00:01.1: legacy IDE quirk: reg 0x10: [io  0x01f0-0x01f7]
[    0.384010] pci 0000:00:01.1: legacy IDE quirk: reg 0x14: [io  0x03f6]
[    0.388008] pci 0000:00:01.1: legacy IDE quirk: reg 0x18: [io  0x0170-0x0177]
[    0.396006] pci 0000:00:01.1: legacy IDE quirk: reg 0x1c: [io  0x0376]
[    0.457447] pci 0000:00:07.0: quirk: [io  0x4000-0x403f] claimed by PIIX4 ACPI
[    0.464032] pci 0000:00:07.0: quirk: [io  0x4100-0x410f] claimed by PIIX4 SMB
[    0.485228] ACPI: PCI Interrupt Link [LNKA] (IRQs 5 9 10 *11)
[    0.492073] ACPI: PCI Interrupt Link [LNKB] (IRQs 5 9 *10 11)
[    0.495510] ACPI: PCI Interrupt Link [LNKC] (IRQs 5 *9 10 11)
[    0.496000] ACPI: PCI Interrupt Link [LNKD] (IRQs 5 9 10 *11)
[    0.496000] SCSI subsystem initialized
[    0.496184] pci 0000:00:02.0: vgaarb: setting as boot VGA device
[    0.499502] pci 0000:00:02.0: vgaarb: VGA device added: decodes=io+mem,owns=io+mem,locks=none
[    0.508009] pci 0000:00:02.0: vgaarb: bridge control possible
[    0.516010] vgaarb: loaded
[    0.518159] ACPI: bus type USB registered
[    0.520054] usbcore: registered new interface driver usbfs
[    0.524017] usbcore: registered new interface driver hub
[    0.532035] usbcore: registered new device driver usb
[    0.540152] EDAC MC: Ver: 3.0.0
[    0.544727] PCI: Using ACPI for IRQ routing
[    0.552554] NetLabel: Initializing
[    0.554975] NetLabel:  domain hash size = 128
[    0.556000] NetLabel:  protocols = UNLABELED CIPSOv4 CALIPSO
[    0.556058] NetLabel:  unlabeled traffic allowed by default
[    0.560294] clocksource: Switched to clocksource kvm-clock
[    0.607122] VFS: Disk quotas dquot_6.6.0
[    0.609570] VFS: Dquot-cache hash table entries: 512 (order 0, 4096 bytes)
[    0.614031] AppArmor: AppArmor Filesystem Enabled
[    0.616815] pnp: PnP ACPI init
[    0.617435] pnp: PnP ACPI: found 3 devices
[    0.631083] clocksource: acpi_pm: mask: 0xffffff max_cycles: 0xffffff, max_idle_ns: 2085701024 ns
[    0.636772] NET: Registered protocol family 2
[    0.640655] IP idents hash table entries: 32768 (order: 6, 262144 bytes)
[    0.645394] TCP established hash table entries: 16384 (order: 5, 131072 bytes)
[    0.648729] TCP bind hash table entries: 16384 (order: 6, 262144 bytes)
[    0.655918] TCP: Hash tables configured (established 16384 bind 16384)
[    0.659398] UDP hash table entries: 1024 (order: 3, 32768 bytes)
[    0.663380] UDP-Lite hash table entries: 1024 (order: 3, 32768 bytes)
[    0.667428] NET: Registered protocol family 1
[    0.670827] pci 0000:00:00.0: Limiting direct PCI/PCI transfers
[    0.671224] pci 0000:00:01.0: Activating ISA DMA hang workarounds
[    0.678187] pci 0000:00:02.0: Video device with shadowed ROM at [mem 0x000c0000-0x000dffff]
[    0.682045] Unpacking initramfs...
[    1.189727] Freeing initrd memory: 20200K
[    1.197019] clocksource: tsc: mask: 0xffffffffffffffff max_cycles: 0x140d6620005, max_idle_ns: 440795273901 ns
[    1.200908] platform rtc_cmos: registered platform RTC device (no PNP device found)
[    1.206941] Scanning for low memory corruption every 60 seconds
[    1.211544] Initialise system trusted keyrings
[    1.214706] Key type blacklist registered
[    1.217711] workingset: timestamp_bits=36 max_order=19 bucket_order=0
[    1.221633] zbud: loaded
[    1.227618] squashfs: version 4.0 (2009/01/31) Phillip Lougher
[    1.234255] fuse init (API version 7.26)
[    1.246281] Key type asymmetric registered
[    1.248708] Asymmetric key parser 'x509' registered
[    1.250273] Block layer SCSI generic (bsg) driver version 0.4 loaded (major 246)
[    1.257409] io scheduler noop registered
[    1.260852] io scheduler deadline registered
[    1.261393] io scheduler cfq registered (default)
[    1.270063] ACPI: AC Adapter [AC] (off-line)
[    1.272576] input: Power Button as /devices/LNXSYSTM:00/LNXPWRBN:00/input/input0
[    1.277127] ACPI: Power Button [PWRF]
[    1.281121] input: Sleep Button as /devices/LNXSYSTM:00/LNXSLPBN:00/input/input1
[    1.287253] ACPI: Sleep Button [SLPF]
[    1.290733] Serial: 8250/16550 driver, 32 ports, IRQ sharing enabled
[    1.294442] ACPI: Battery Slot [BAT0] (battery present)
[    1.332120] 00:02: ttyS0 at I/O 0x3f8 (irq = 4, base_baud = 115200) is a 6550A
[    1.339565] Linux agpgart interface v0.103
[    1.352239] loop: module loaded
[    1.361362] scsi host0: ata_piix
[    1.363793] scsi host1: ata_piix
[    1.366184] ata1: PATA max UDMA/33 cmd 0x1f0 ctl 0x3f6 bmdma 0xd000 irq 14
[    1.369832] ata2: PATA max UDMA/33 cmd 0x170 ctl 0x376 bmdma 0xd008 irq 15
[    1.376079] tun: Universal TUN/TAP device driver, 1.6
[    1.379321] PPP generic driver version 2.4.2
[    1.382037] ehci_hcd: USB 2.0 'Enhanced' Host Controller (EHCI) Driver
[    1.387695] ehci-pci: EHCI PCI platform driver
[    1.390613] ehci-platform: EHCI generic platform driver
[    1.394294] ohci_hcd: USB 1.1 'Open' Host Controller (OHCI) Driver
[    1.398571] ohci-pci: OHCI PCI platform driver
[    1.402527] ohci-platform: OHCI generic platform driver
[    1.406165] uhci_hcd: USB Universal Host Controller Interface driver
[    1.410137] i8042: PNP: PS/2 Controller [PNP0303:PS2K,PNP0f03:PS2M] at 0x60,0x64 irq 1,12
[    1.419084] serio: i8042 KBD port at 0x60,0x64 irq 1
[    1.421843] serio: i8042 AUX port at 0x60,0x64 irq 12
[    1.425981] mousedev: PS/2 mouse device common for all mice
[    1.434661] input: AT Translated Set 2 keyboard as /devices/platform/i8042/serio0/input/input2
[    1.435842] rtc_cmos rtc_cmos: rtc core: registered rtc_cmos as rtc0
[    1.452468] rtc_cmos rtc_cmos: alarms up to one day, 114 bytes nvram
[    1.458210] i2c /dev entries driver
[    1.462014] device-mapper: uevent: version 1.0.3
[    1.465936] device-mapper: ioctl: 4.37.0-ioctl (2017-09-20) initialised: dm-devel@redhat.com
[    1.471396] ledtrig-cpu: registered to indicate activity on CPUs
[    1.480964] NET: Registered protocol family 10
[    1.492188] Segment Routing with IPv6
[    1.494739] NET: Registered protocol family 17
[    1.497840] Key type dns_resolver registered
[    1.500690] mce: Using 0 MCE banks
[    1.502635] RAS: Correctable Errors collector initialized.
[    1.505647] sched_clock: Marking stable (1505535207, 0)->(2089038294, -583503087)
[    1.511180] registered taskstats version 1
[    1.513441] Loading compiled-in X.509 certificates
[    1.519011] Loaded X.509 cert 'Build time autogenerated kernel key: f114f3958ed3c37ba1924ca66ae8368f3c35b0e4'
[    1.524792] Loaded X.509 cert 'Canonical Ltd. Live Patch Signing: 14df34d1a87cf37625abec039ef2bf521249b969'
[    1.530133] Loaded X.509 cert 'Canonical Ltd. Kernel Module Signing: 88f752e560a1e0737e31163a466ad7b70a850c19'
[    1.536005] blacklist: Loading compiled-in revocation X.509 certificates
[    1.545768] Loaded X.509 cert 'Canonical Ltd. Secure Boot Signing: 61482aa2830d0ab2ad5af10b7250da9033ddcef0'
[    1.552439] zswap: loaded using pool lzo/zbud
[    1.595190] Key type big_key registered
[    1.597504] Key type trusted registered
[    1.602919] Key type encrypted registered
[    1.605973] AppArmor: AppArmor sha1 policy hashing enabled
[    1.608931] ima: No TPM chip found, activating TPM-bypass! (rc=-19)
[    1.612502] ima: Allocated hash algorithm: sha1
[    1.614902] evm: HMAC attrs: 0x1
[    1.617442]   Magic number: 11:525:706
[    1.620244] rtc_cmos rtc_cmos: setting system clock to 2023-02-13 23:40:21 UTC (1676331621)
[    1.624946] BIOS EDD facility v0.16 2004-Jun-25, 0 devices found
[    1.627952] EDD information not available.
[    1.633765] Freeing unused kernel image memory: 2472K
[    1.652743] Write protecting the kernel read-only data: 20480k
[    1.659007] Freeing unused kernel image memory: 2008K
[    1.662666] Freeing unused kernel image memory: 1824K
[    1.672289] x86/mm: Checked W+X mappings: passed, no W+X pages found.
[    1.676006] x86/mm: Checking user space page tables
[    1.684499] x86/mm: Checked W+X mappings: passed, no W+X pages found.
Loading, please wait...
starting version 237
[    1.884828] e1000: Intel(R) PRO/1000 Network Driver - version 7.3.21-k8-NAPI
[    1.890166] e1000: Copyright (c) 1999-2006 Intel Corporation.
[    1.900874] Fusion MPT base driver 3.04.20
[    1.904113] Copyright (c) 1999-2008 LSI Corporation
[    1.991017] AVX2 version of gcm_enc/dec engaged.
[    1.994412] AES CTR mode by8 optimization enabled
[    2.035986] Fusion MPT SPI Host driver 3.04.20
[    2.152910] vboxvideo: loading out-of-tree module taints kernel.
[    2.167590] vboxvideo: module verification failed: signature and/or required key missing - tainting kernel
[    2.196451] input: ImExPS/2 Generic Explorer Mouse as /devices/platform/i8042/serio1/input/input4
[    2.233837] vboxvideo: loading version 7.0.4 r154605
[    2.642188] e1000 0000:00:03.0 eth0: (PCI:33MHz:32-bit) 02:b0:55:75:d1:60
[    2.646711] e1000 0000:00:03.0 eth0: Intel(R) PRO/1000 Network Connection
[    2.657722] mptbase: ioc0: Initiating bringup
[    2.659331] e1000 0000:00:03.0 enp0s3: renamed from eth0
[    2.775909] ioc0: LSI53C1030 A0: Capabilities={Initiator}
[    3.029754] scsi host2: ioc0: LSI53C1030 A0, FwRev=00000000h, Ports=1, MaxQ=256, IRQ=20
[    3.198250] scsi 2:0:0:0: Direct-Access     VBOX     HARDDISK         1.0  PQ: 0 ANSI: 5
[    3.203354] [drm] VRAM 01000000
[    3.250698] [TTM] Zone  kernel: Available graphics memory: 1020356 kiB
[    3.254854] [TTM] Initializing pool allocator
[    3.258067] [TTM] Initializing DMA pool allocator
[    3.324745] fbcon: vboxdrmfb (fb0) is primary device
[    3.340463] Console: switching to colour frame buffer device 100x37
[    3.345482] vboxvideo 0000:00:02.0: fb0: vboxdrmfb frame buffer device
[    3.348016] scsi target2:0:0: Beginning Domain Validation
[    3.353203] scsi target2:0:0: Domain Validation skipping write tests
[    3.355380] scsi target2:0:0: Ending Domain Validation
[    3.357669] scsi target2:0:0: asynchronous
[    3.360204] scsi 2:0:1:0: Direct-Access     VBOX     HARDDISK         1.0  PQ: 0 ANSI: 5
[    3.368555] [drm] Initialized vboxvideo 1.0.0 20130823 for 0000:00:02.0 on minor 0
[    3.400155] scsi target2:0:1: Beginning Domain Validation
[    3.410341] scsi target2:0:1: Domain Validation skipping write tests
[    3.412924] scsi target2:0:1: Ending Domain Validation
[    3.415196] scsi target2:0:1: asynchronous
[    3.425563] sd 2:0:0:0: [sda] 83886080 512-byte logical blocks: (42.9 GB/40.0 GiB)
[    3.428854] sd 2:0:0:0: [sda] Write Protect is off
[    3.429017] sd 2:0:0:0: Attached scsi generic sg0 type 0
[    3.436920] sd 2:0:0:0: [sda] Incomplete mode parameter data
[    3.441713] sd 2:0:0:0: [sda] Assuming drive cache: write through
[    3.445828] sd 2:0:1:0: Attached scsi generic sg1 type 0
[    3.448469] sd 2:0:1:0: [sdb] 20480 512-byte logical blocks: (10.5 MB/10.0 MiB)
[    3.451734]  sda: sda1
[    3.455827] sd 2:0:1:0: [sdb] Write Protect is off
[    3.458373] sd 2:0:1:0: [sdb] Incomplete mode parameter data
[    3.460693] sd 2:0:1:0: [sdb] Assuming drive cache: write through
[    3.463258] sd 2:0:0:0: [sda] Attached SCSI disk
[    3.468897] sd 2:0:1:0: [sdb] Attached SCSI disk
Begin: Loading essential drivers ... [    3.804204] raid6: sse2x1   gen() 11250 MB/s
[    3.852627] raid6: sse2x1   xor()  7913 MB/s
[    3.900967] raid6: sse2x2   gen() 14434 MB/s
[    3.948090] raid6: sse2x2   xor()  9525 MB/s
[    3.997049] raid6: sse2x4   gen() 16010 MB/s
[    4.044053] raid6: sse2x4   xor() 10151 MB/s
[    4.092065] raid6: avx2x1   gen() 21400 MB/s
[    4.140303] raid6: avx2x1   xor() 16189 MB/s
[    4.188691] raid6: avx2x2   gen() 26833 MB/s
[    4.237042] raid6: avx2x2   xor() 17684 MB/s
[    4.284093] raid6: avx2x4   gen() 29252 MB/s
[    4.333107] raid6: avx2x4   xor() 20346 MB/s
[    4.335170] raid6: using algorithm avx2x4 gen() 29252 MB/s
[    4.337160] raid6: .... xor() 20346 MB/s, rmw enabled
[    4.339598] raid6: using avx2x2 recovery algorithm
[    4.345979] xor: automatically using best checksumming function   avx       
[    4.352225] async_tx: api initialized (async)
done.
Begin: Running /scripts/init-premount ... done.
Begin: Mounting root file system ... Begin: Running /scripts/local-top ... done.
Begin: Running /scripts/local-premount ... [    4.442366] Btrfs loaded, crc32c=crc32c-intel
/bin/btrfs: error while loading shared libraries: libzstd.so.1: cannot open shared object file: No such file or directory
done.
Begin: Will now check root file system ... fsck from util-linux 2.31.1
[/sbin/fsck.ext4 (1) -- /dev/sda1] fsck.ext4 -a -C0 /dev/sda1 
cloudimg-rootfs: recovering journal
cloudimg-rootfs: clean, 72453/5120000 files, 793711/10485499 blocks
done.
[    4.631993] EXT4-fs (sda1): mounted filesystem with ordered data mode. Opts: (null)
done.
Begin: Running /scripts/local-bottom ... done.
Begin: Running /scripts/init-bottom ... done.
[    4.883491] ip_tables: (C) 2000-2006 Netfilter Core Team
[    4.900939] systemd[1]: systemd 237 running in system mode. (+PAM +AUDIT +SELINUX +IMA +APPARMOR +SMACK +SYSVINIT +UTMP +LIBCRYPTSETUP +GCRYPT +GNUTLS +ACL +XZ +LZ4 +SECCOMP +BLKID +ELFUTILS +KMOD -IDN2 +IDN -PCRE2 default-hierarchy=hybrid)
[    4.909063] systemd[1]: Detected virtualization oracle.
[    4.911047] systemd[1]: Detected architecture x86-64.

Welcome to [1mUbuntu 18.04.6 LTS[0m!

[    4.932140] systemd[1]: Set hostname to <ubuntu-bionic>.
[    5.345421] systemd[1]: Reached target System Time Synchronized.
[[0;32m  OK  [0m] Reached target System Time Synchronized.
[    5.349474] systemd[1]: Set up automount Arbitrary Executable File Formats File System Automount Point.
[[0;32m  OK  [0m] Set up automount Arbitrary Executab…rmats File System Automount Point.
[    5.355223] systemd[1]: Reached target Swap.
[[0;32m  OK  [0m] Reached target Swap.
[    5.364416] systemd[1]: Created slice System Slice.
[[0;32m  OK  [0m] Created slice System Slice.
[    5.368027] systemd[1]: Listening on /dev/initctl Compatibility Named Pipe.
[[0;32m  OK  [0m] Listening on /dev/initctl Compatibility Named Pipe.
[    5.372242] systemd[1]: Listening on udev Kernel Socket.
[[0;32m  OK  [0m] Listening on udev Kernel Socket.
[[0;32m  OK  [0m] Listening on Journal Socket (/dev/log).
[[0;32m  OK  [0m] Created slice system-serial\x2dgetty.slice.
[[0;32m  OK  [0m] Listening on fsck to fsckd communication Socket.
[[0;32m  OK  [0m] Listening on Syslog Socket.
[[0;32m  OK  [0m] Listening on Journal Socket.
         Mounting Kernel Debug File System...
         Mounting Huge Pages File System...
         Starting Create list of required st…ce nodes for the current kernel...
         Starting Set the console keyboard layout...
[[0;32m  OK  [0m] Started Forward Password Requests to Wall Directory Watch.
[[0;32m  OK  [0m] Listening on Journal Audit Socket.
         Starting Journal Service...
         Starting Load Kernel Modules...
[[0;32m  OK  [0m] Listening on udev Control Socket.
         Starting udev Coldplug all Devices...
[[0;32m  OK  [0m] Created slice User and Session Slice.
[[0;32m  OK  [0m] Reached target Slices.
[[0;32m  OK  [0m] Listening on Device-mapper event daemon FIFOs.
         Mounting POSIX Message Queue File System...
[[0;32m  OK  [0m] Reached target User and Group Name Lookups.
[[0;32m  OK  [0m] Listening on Network Service Netlink Socket.
         Starting Uncomplicated firewall...
[[0;32m  OK  [0m] Listening on LVM2 poll daemon socket.
[[0;32m  OK  [0m] Listening on LVM2 metadata daemon socket.
         Starting Monitoring of LVM2 mirrors…ng dmeventd or progress polling...
         Starting Remount Root and Kernel File Systems...
[[0;32m  OK  [0m] Mounted Kernel Debug File System.
[[0;32m  OK  [0m] Mounted Huge Pages File System.
[[0;32m  OK  [0m] Started Create list of required sta…vice nodes for the current kernel.
[[0;32m  OK  [0m] Mounted POSIX Message Queue File System.
         Starting Create Static Device Nodes in /dev...
[[0;32m  OK  [0m] Started Uncomplicated firewall.
[    5.742516] Loading iSCSI transport class v2.0-870.
[[0;32m  OK  [0m] Started Journal Service.
[[0;32m  OK  [0m] Started Create Static Device Nodes in /dev.
[    5.860203] EXT4-fs (sda1): re-mounted. Opts: (null)
[[0;32m  OK  [0m] Started Remount Root and Kernel File Systems.
         Starting Load/Save Random Seed...
         Starting Flush Journal to Persistent Storage...
         Starting udev Kernel Device Manager...
[    5.999250] iscsi: registered transport (tcp)
[[0;32m  OK  [0m] Started LVM2 metadata daemon.
[[0;32m  OK  [0m] Started Load/Save Random Seed.
[    6.039483] systemd-journald[406]: Received request to flush runtime journal from PID 1
[[0;32m  OK  [0m] Started udev Coldplug all Devices.
[[0;32m  OK  [0m] Started Monitoring of LVM2 mirrors,…sing dmeventd or progress polling.
[[0;32m  OK  [0m] Started udev Kernel Device Manager.
[    6.310103] systemd-journald[406]: File /var/log/journal/6b96e8b43bed49bc99bb1a775031945d/system.journal corrupted or uncleanly shut down, renaming and replacing.
[[0;32m  OK  [0m] Started Set the console keyboard layout.
[[0;32m  OK  [0m] Reached target Local File Systems (Pre).
[[0;32m  OK  [0m] Reached target Local File Systems.
         Starting Tell Plymouth To Write Out Runtime Data...
         Starting Set console font and keymap...
         Starting ebtables ruleset management...
         Starting AppArmor initialization...
[[0;32m  OK  [0m] Started Dispatch Password Requests to Console Directory Watch.
[[0;32m  OK  [0m] Reached target Local Encrypted Volumes.
[[0;32m  OK  [0m] Started Set console font and keymap.
[[0;32m  OK  [0m] Started Tell Plymouth To Write Out Runtime Data.
[    6.546545] iscsi: registered transport (iser)
[[0;32m  OK  [0m] Started Load Kernel Modules.
         Mounting Kernel Configuration File System...
         Starting Apply Kernel Variables...
         Mounting FUSE Control File System...
[[0;32m  OK  [0m] Mounted Kernel Configuration File System.
[[0;32m  OK  [0m] Mounted FUSE Control File System.
[[0;32m  OK  [0m] Started Apply Kernel Variables.
[[0;32m  OK  [0m] Started Flush Journal to Persistent Storage.
         Starting Create Volatile Files and Directories...
[[0;32m  OK  [0m] Started ebtables ruleset management.
[[0;32m  OK  [0m] Started Create Volatile Files and Directories.
         Starting Update UTMP about System Boot/Shutdown...
[[0;32m  OK  [0m] Started Update UTMP about System Boot/Shutdown.
[[0;32m  OK  [0m] Started AppArmor initialization.
         Starting Initial cloud-init job (pre-networking)...
         Starting Load AppArmor profiles managed internally by snapd...
         Mounting Arbitrary Executable File Formats File System...
[[0;32m  OK  [0m] Mounted Arbitrary Executable File Formats File System.
[[0;32m  OK  [0m] Started Load AppArmor profiles managed internally by snapd.
[[0;32m  OK  [0m] Found device /dev/ttyS0.
[[0;32m  OK  [0m] Listening on Load/Save RF Kill Switch Status /dev/rfkill Watch.
[   11.015860] cloud-init[523]: Cloud-init v. 22.4.2-0ubuntu0~18.04.1 running 'init-local' at Mon, 13 Feb 2023 23:40:30 +0000. Up 10.67 seconds.
[[0;32m  OK  [0m] Started Initial cloud-init job (pre-networking).
[[0;32m  OK  [0m] Reached target Network (Pre).
         Starting Network Service...
[[0;32m  OK  [0m] Started Network Service.
         Starting Network Name Resolution...
         Starting Wait for Network to be Configured...
[[0;32m  OK  [0m] Started Network Name Resolution.
[[0;32m  OK  [0m] Reached target Network.
[[0;32m  OK  [0m] Reached target Host and Network Name Lookups.
[[0;32m  OK  [0m] Started Wait for Network to be Configured.
         Starting Initial cloud-init job (metadata service crawler)...
[   13.466711] cloud-init[704]: Cloud-init v. 22.4.2-0ubuntu0~18.04.1 running 'init' at Mon, 13 Feb 2023 23:40:33 +0000. Up 13.35 seconds.
[   13.471083] cloud-init[704]: ci-info: ++++++++++++++++++++++++++++++++++++++Net device info++++++++++++++++++++++++++++++++++++++
[   13.475628] cloud-init[704]: ci-info: +--------+------+----------------------------+---------------+--------+-------------------+
[   13.482516] cloud-init[704]: ci-info: | Device |  Up  |          Address           |      Mask     | Scope  |     Hw-Address    |
[   13.487481] cloud-init[704]: ci-info: +--------+------+----------------------------+---------------+--------+-------------------+
[   13.492780] cloud-init[704]: ci-info: | enp0s3 | True |         10.0.2.15          | 255.255.255.0 | global | 02:b0:55:75:d1:60 |
[   13.512400] cloud-init[704]: ci-info: | enp0s3 | True | fe80::b0:55ff:fe75:d160/64 |       .       |  link  | 02:b0:55:75:d1:60 |
[   13.517776] cloud-init[704]: ci-info: |   lo   | True |         127.0.0.1          |   255.0.0.0   |  host  |         .         |
[   13.523039] cloud-init[704]: ci-info: |   lo   | True |          ::1/128           |       .       |  host  |         .         |
[   13.528990] cloud-init[704]: ci-info: +--------+------+----------------------------+---------------+--------+-------------------+
[   13.533501] cloud-init[704]: ci-info: ++++++++++++++++++++++++++++Route IPv4 info+++++++++++++++++++++++++++++
[   13.537843] cloud-init[704]: ci-info: +-------+-------------+----------+-----------------+-----------+-------+
[   13.541889] cloud-init[704]: ci-info: | Route | Destination | Gateway  |     Genmask     | Interface | Flags |
[   13.545806] cloud-init[704]: ci-info: +-------+-------------+----------+-----------------+-----------+-------+
[   13.550220] cloud-init[704]: ci-info: |   0   |   0.0.0.0   | 10.0.2.2 |     0.0.0.0     |   enp0s3  |   UG  |
[   13.554282] cloud-init[704]: ci-info: |   1   |   10.0.2.0  | 0.0.0.0  |  255.255.255.0  |   enp0s3  |   U   |
[   13.558767] cloud-init[704]: ci-info: |   2   |   10.0.2.2  | 0.0.0.0  | 255.255.255.255 |   enp0s3  |   UH  |
[   13.563098] cloud-init[704]: ci-info: +-------+-------------+----------+-----------------+-----------+-------+
[   13.568195] cloud-init[704]: ci-info: +++++++++++++++++++Route IPv6 info+++++++++++++++++++
[   13.572797] cloud-init[704]: ci-info: +-------+-------------+---------+-----------+-------+
[   13.576937] cloud-init[704]: ci-info: | Route | Destination | Gateway | Interface | Flags |
[   13.581016] cloud-init[704]: ci-info: +-------+-------------+---------+-----------+-------+
[   13.585082] cloud-init[704]: ci-info: |   1   |  fe80::/64  |    ::   |   enp0s3  |   U   |
[   13.641049] cloud-init[704]: ci-info: |   3   |    local    |    ::   |   enp0s3  |   U   |
[   13.644476] cloud-init[704]: ci-info: |   4   |   ff00::/8  |    ::   |   enp0s3  |   U   |
[   13.647819] cloud-init[704]: ci-info: +-------+-------------+---------+-----------+-------+
[   13.651798] cloud-init[704]: FALLBACK: 2023-02-13 23:40:33,342 - util.py[DEBUG]: Read 2070 bytes from /etc/cloud/cloud.cfg.d/05_logging.cfg
[[0;32m  OK  [0m] Started Initial cloud-init job (metadata service crawler).
[[0;32m  OK  [0m] Reached target Cloud-config availability.
[[0;32m  OK  [0m] Reached target System Initialization.
[[0;32m  OK  [0m] Listening on D-Bus System Message Bus Socket.
         Starting LXD - unix socket.
[[0;32m  OK  [0m] Started Daily Cleanup of Temporary Directories.
[[0;32m  OK  [0m] Started ACPI Events Check.
[[0;32m  OK  [0m] Reached target Paths.
[[0;32m  OK  [0m] Listening on ACPID Listen Socket.
[[0;32m  OK  [0m] Listening on cloud-init hotplug hook socket.
[[0;32m  OK  [0m] Started Message of the Day.
[[0;32m  OK  [0m] Listening on UUID daemon activation socket.
[[0;32m  OK  [0m] Started Discard unused blocks once a week.
[[0;32m  OK  [0m] Started Ubuntu Advantage Timer for running repeated jobs.
[[0;32m  OK  [0m] Started Daily apt download activities.
[[0;32m  OK  [0m] Listening on Open-iSCSI iscsid Socket.
[[0;32m  OK  [0m] Started Daily apt upgrade and clean activities.
[[0;32m  OK  [0m] Reached target Timers.
         Starting Socket activation for snappy daemon.
[[0;32m  OK  [0m] Reached target Network is Online.
         Starting Availability of block devices...
[[0;32m  OK  [0m] Reached target Remote File Systems (Pre).
         Mounting /home/vagrant/host-mirror...
         Mounting /vagrant...
[[0;32m  OK  [0m] Listening on LXD - unix socket.
[[0;32m  OK  [0m] Listening on Socket activation for snappy daemon.
[[0;32m  OK  [0m] Started Availability of block devices.
[[0;32m  OK  [0m] Reached target Sockets.
[[0;32m  OK  [0m] Reached target Basic System.
[[0;32m  OK  [0m] Reached target Login Prompts (Pre).
[[0;32m  OK  [0m] Started Deferred execution scheduler.
         Starting Message of the Day...
[[0;32m  OK  [0m] Started Regular background program processing daemon.
         Starting OpenBSD Secure Shell server...
         Starting Accounts Service...
         Starting Dispatcher daemon for systemd-networkd...
[[0;32m  OK  [0m] Started D-Bus System Message Bus.
         Starting Snap Daemon...
         Starting LSB: Record successful boot for GRUB...
         Starting Login Service...
         Starting vboxadd.service...
[[0;32m  OK  [0m] Started irqbalance daemon.
[[0;32m  OK  [0m] Started FUSE filesystem for LXC.
         Starting System Logging Service...
         Starting LXD - container startup/shutdown...
[[0;32m  OK  [0m] Mounted /home/vagrant/host-mirror.
[[0;1;31mFAILED[0m] Failed to mount /vagrant.
See 'systemctl status vagrant.mount' for details.
[[0;1;33mDEPEND[0m] Dependency failed for Remote File Systems.
         Starting Authorization Manager...
         Starting LSB: automatic crash report generation...
         Starting Permit User Sessions...
[[0;32m  OK  [0m] Started OpenBSD Secure Shell server.
[[0;32m  OK  [0m] Started Login Service.
[[0;32m  OK  [0m] Started Unattended Upgrades Shutdown.
[[0;32m  OK  [0m] Started System Logging Service.
[[0;32m  OK  [0m] Started Permit User Sessions.
         Starting Terminate Plymouth Boot Screen...
         Starting Hold until boot process finishes up...
[[0;32m  OK  [0m] Started Hold until boot process finishes up.
[[0;32m  OK  [0m] Started Serial Getty on ttyS0.
         Starting Set console scheme...
[[0;32m  OK  [0m] Started Terminate Plymouth Boot Screen.
[[0;32m  OK  [0m] Started Set console scheme.
[[0;32m  OK  [0m] Started LSB: Record successful boot for GRUB.
[[0;32m  OK  [0m] Created slice system-getty.slice.
[[0;32m  OK  [0m] Started Getty on tty1.
[[0;32m  OK  [0m] Reached target Login Prompts.
[[0;32m  OK  [0m] Started Authorization Manager.
[[0;32m  OK  [0m] Started Accounts Service.
[[0;32m  OK  [0m] Started LSB: automatic crash report generation.
[[0;32m  OK  [0m] Created slice User Slice of vagrant.
         Starting User Manager for UID 1000...
[[0;32m  OK  [0m] Started Session 1 of user vagrant.
[[0;32m  OK  [0m] Started LXD - container startup/shutdown.
[[0;32m  OK  [0m] Started User Manager for UID 1000.
[[0;32m  OK  [0m] Started Dispatcher daemon for systemd-networkd.
[[0;32m  OK  [0m] Started Snap Daemon.
         Starting Wait until snapd is fully seeded...
         Starting Time & Date Service...
[[0;32m  OK  [0m] Started Time & Date Service.
[[0;32m  OK  [0m] Started Wait until snapd is fully seeded.
         Starting Apply the settings specified in cloud-config...

Ubuntu 18.04.6 LTS ubuntu-bionic ttyS0

ubuntu-bionic login: [   22.431925] cloud-init[1101]: Cloud-init v. 22.4.2-0ubuntu0~18.04.1 running 'modules:config' at Mon, 13 Feb 2023 23:40:41 +0000. Up 21.84 seconds.
[   31.477526] cloud-init[2413]: Cloud-init v. 22.4.2-0ubuntu0~18.04.1 running 'modules:final' at Mon, 13 Feb 2023 23:40:51 +0000. Up 31.28 seconds.
[   31.478798] cloud-init[2413]: Cloud-init v. 22.4.2-0ubuntu0~18.04.1 finished at Mon, 13 Feb 2023 23:40:51 +0000. Datasource DataSourceNoCloud [seed=/dev/sdb][dsmode=net].  Up 31.46 seconds
